Started by user [8mha:////4KB6Y3DZeh7jHy7qFSRwym+gXRew4lXj+cgDb0zC7d6CAAAAlx+LCAAAAAAAAP9b85aBtbiIQTGjNKU4P08vOT+vOD8nVc83PyU1x6OyILUoJzMv2y+/JJUBAhiZGBgqihhk0NSjKDWzXb3RdlLBUSYGJk8GtpzUvPSSDB8G5tKinBIGIZ+sxLJE/ZzEvHT94JKizLx0a6BxUmjGOUNodHsLgAy+EgZu/dLi1CL9jCIjS3MAyrDmRMAAAAA=[0mSwapna Putluru
[Tue Dec 12 07:02:49 UTC 2023] Starting branch indexing...
 > git --version # timeout=10
 > git --version # 'git version 2.34.1'
 > git ls-remote --symref -- https://github.com/Swapnaputluru/docker.git # timeout=10
 > git rev-parse --resolve-git-dir /var/lib/jenkins/caches/git-c75a4d0b2020e4dbf586304b977c2764/.git # timeout=10
Setting origin to https://github.com/Swapnaputluru/docker.git
 > git config remote.origin.url https://github.com/Swapnaputluru/docker.git # timeout=10
Fetching & pruning origin...
Listing remote references...
 > git config --get remote.origin.url # timeout=10
 > git --version # timeout=10
 > git --version # 'git version 2.34.1'
 > git ls-remote -h -- https://github.com/Swapnaputluru/docker.git # timeout=10
Fetching upstream changes from origin
 > git config --get remote.origin.url # timeout=10
 > git fetch --tags --force --progress --prune -- origin +refs/heads/*:refs/remotes/origin/* # timeout=10
Checking branches...
  Checking branch sunny
      ‘Jenkinsfile’ found
    Met criteria
No changes detected: sunny (still at 6a51e4a217c4bf9001d69a184ae3563564a8e671)
  Checking branch main
      ‘Jenkinsfile’ not found
    Does not meet criteria
  Checking branch sony
      ‘Jenkinsfile’ found
    Met criteria
No changes detected: sony (still at 6a51e4a217c4bf9001d69a184ae3563564a8e671)
  Checking branch test
      ‘Jenkinsfile’ found
    Met criteria
No changes detected: test (still at 5354d4c50d3d81fed61ad867f4591f10bf078f80)
Processed 4 branches
[Tue Dec 12 07:02:50 UTC 2023] Finished branch indexing. Indexing took 0.62 sec
Finished: SUCCESS
